<?xml version="1.0" encoding="UTF-8"?>
<coverage generated="1721308681065" clover="3.2.0">
  <project timestamp="1721308681065" name="All files">
    <metrics statements="111" coveredstatements="105" conditionals="26" coveredconditionals="19" methods="45" coveredmethods="41" elements="182" coveredelements="165" complexity="0" loc="111" ncloc="111" packages="2" files="16" classes="16"/>
    <package name="components">
      <metrics statements="81" coveredstatements="78" conditionals="26" coveredconditionals="19" methods="35" coveredmethods="34"/>
      <file name="Body.js" path="C:\Users\psb\Desktop\namaste-react\src\components\Body.js">
        <metrics statements="27" coveredstatements="24" conditionals="10" coveredconditionals="6" methods="10" coveredmethods="9"/>
        <line num="11" count="1" type="stmt"/>
        <line num="14" count="7" type="stmt"/>
        <line num="15" count="7" type="stmt"/>
        <line num="17" count="7" type="stmt"/>
        <line num="19" count="7" type="stmt"/>
        <line num="24" count="7" type="stmt"/>
        <line num="25" count="2" type="stmt"/>
        <line num="28" count="7" type="stmt"/>
        <line num="29" count="2" type="stmt"/>
        <line num="30" count="2" type="stmt"/>
        <line num="32" count="2" type="stmt"/>
        <line num="33" count="2" type="stmt"/>
        <line num="42" count="7" type="stmt"/>
        <line num="44" count="7" type="cond" truecount="1" falsecount="1"/>
        <line num="45" count="0" type="stmt"/>
        <line num="47" count="7" type="stmt"/>
        <line num="49" count="7" type="cond" truecount="1" falsecount="1"/>
        <line num="55" count="1" type="stmt"/>
        <line num="56" count="1" type="cond" truecount="1" falsecount="1"/>
        <line num="57" count="0" type="stmt"/>
        <line num="61" count="16" type="stmt"/>
        <line num="62" count="1" type="stmt"/>
        <line num="71" count="16" type="stmt"/>
        <line num="73" count="1" type="stmt"/>
        <line num="74" count="1" type="stmt"/>
        <line num="79" count="0" type="stmt"/>
        <line num="86" count="55" type="stmt"/>
      </file>
      <file name="Cart.js" path="C:\Users\psb\Desktop\namaste-react\src\components\Cart.js">
        <metrics statements="6" coveredstatements="6" conditionals="2" coveredconditionals="2" methods="3" coveredmethods="3"/>
        <line num="5" count="1" type="stmt"/>
        <line num="8" count="8" type="stmt"/>
        <line num="10" count="4" type="stmt"/>
        <line num="11" count="4" type="stmt"/>
        <line num="12" count="1" type="stmt"/>
        <line num="14" count="4" type="stmt"/>
      </file>
      <file name="Contact.js" path="C:\Users\psb\Desktop\namaste-react\src\components\Contact.js">
        <metrics statements="2" coveredstatements="2" conditionals="0" coveredconditionals="0" methods="1" coveredmethods="1"/>
        <line num="1" count="1" type="stmt"/>
        <line num="2" count="4" type="stmt"/>
      </file>
      <file name="Header.js" path="C:\Users\psb\Desktop\namaste-react\src\components\Header.js">
        <metrics statements="13" coveredstatements="13" conditionals="4" coveredconditionals="2" methods="6" coveredmethods="6"/>
        <line num="8" count="2" type="stmt"/>
        <line num="9" count="9" type="stmt"/>
        <line num="13" count="9" type="stmt"/>
        <line num="14" count="9" type="stmt"/>
        <line num="17" count="9" type="stmt"/>
        <line num="18" count="5" type="stmt"/>
        <line num="21" count="9" type="stmt"/>
        <line num="22" count="6" type="stmt"/>
        <line num="25" count="9" type="stmt"/>
        <line num="26" count="9" type="stmt"/>
        <line num="29" count="17" type="stmt"/>
        <line num="31" count="9" type="stmt"/>
        <line num="44" count="1" type="cond" truecount="1" falsecount="1"/>
      </file>
      <file name="ItemList.js" path="C:\Users\psb\Desktop\namaste-react\src\components\ItemList.js">
        <metrics statements="7" coveredstatements="7" conditionals="2" coveredconditionals="2" methods="4" coveredmethods="4"/>
        <line num="5" count="1" type="stmt"/>
        <line num="6" count="5" type="stmt"/>
        <line num="8" count="5" type="stmt"/>
        <line num="10" count="2" type="stmt"/>
        <line num="15" count="5" type="stmt"/>
        <line num="17" count="24" type="stmt"/>
        <line num="27" count="2" type="stmt"/>
      </file>
      <file name="RestaurantCard.js" path="C:\Users\psb\Desktop\namaste-react\src\components\RestaurantCard.js">
        <metrics statements="8" coveredstatements="8" conditionals="0" coveredconditionals="0" methods="3" coveredmethods="3"/>
        <line num="5" count="2" type="stmt"/>
        <line num="8" count="57" type="stmt"/>
        <line num="10" count="57" type="stmt"/>
        <line num="11" count="57" type="stmt"/>
        <line num="12" count="57" type="stmt"/>
        <line num="32" count="2" type="stmt"/>
        <line num="33" count="8" type="stmt"/>
        <line num="34" count="56" type="stmt"/>
      </file>
      <file name="RestaurantCategory.js" path="C:\Users\psb\Desktop\namaste-react\src\components\RestaurantCategory.js">
        <metrics statements="3" coveredstatements="3" conditionals="2" coveredconditionals="2" methods="2" coveredmethods="2"/>
        <line num="4" count="1" type="stmt"/>
        <line num="6" count="34" type="stmt"/>
        <line num="8" count="34" type="stmt"/>
      </file>
      <file name="RestaurantMenu.js" path="C:\Users\psb\Desktop\namaste-react\src\components\RestaurantMenu.js">
        <metrics statements="11" coveredstatements="11" conditionals="6" coveredconditionals="5" methods="4" coveredmethods="4"/>
        <line num="7" count="1" type="stmt"/>
        <line num="11" count="3" type="stmt"/>
        <line num="14" count="3" type="stmt"/>
        <line num="16" count="3" type="stmt"/>
        <line num="30" count="3" type="cond" truecount="2" falsecount="0"/>
        <line num="31" count="2" type="stmt"/>
        <line num="32" count="2" type="stmt"/>
        <line num="34" count="40" type="stmt"/>
        <line num="37" count="2" type="cond" truecount="1" falsecount="1"/>
        <line num="50" count="34" type="stmt"/>
        <line num="54" count="1" type="stmt"/>
      </file>
      <file name="Shimmer.js" path="C:\Users\psb\Desktop\namaste-react\src\components\Shimmer.js">
        <metrics statements="2" coveredstatements="2" conditionals="0" coveredconditionals="0" methods="1" coveredmethods="1"/>
        <line num="1" count="2" type="stmt"/>
        <line num="2" count="1" type="stmt"/>
      </file>
      <file name="sum.js" path="C:\Users\psb\Desktop\namaste-react\src\components\sum.js">
        <metrics statements="2" coveredstatements="2" conditionals="0" coveredconditionals="0" methods="1" coveredmethods="1"/>
        <line num="1" count="1" type="stmt"/>
        <line num="2" count="1" type="stmt"/>
      </file>
    </package>
    <package name="utils">
      <metrics statements="30" coveredstatements="27" conditionals="0" coveredconditionals="0" methods="10" coveredmethods="7"/>
      <file name="UserContext.js" path="C:\Users\psb\Desktop\namaste-react\src\utils\UserContext.js">
        <metrics statements="1" coveredstatements="1" conditionals="0" coveredconditionals="0" methods="0" coveredmethods="0"/>
        <line num="3" count="4" type="stmt"/>
      </file>
      <file name="appStore.js" path="C:\Users\psb\Desktop\namaste-react\src\utils\appStore.js">
        <metrics statements="2" coveredstatements="2" conditionals="0" coveredconditionals="0" methods="0" coveredmethods="0"/>
        <line num="1" count="2" type="stmt"/>
        <line num="6" count="2" type="stmt"/>
      </file>
      <file name="cartSlice.js" path="C:\Users\psb\Desktop\namaste-react\src\utils\cartSlice.js">
        <metrics statements="5" coveredstatements="4" conditionals="0" coveredconditionals="0" methods="3" coveredmethods="2"/>
        <line num="4" count="2" type="stmt"/>
        <line num="21" count="2" type="stmt"/>
        <line num="24" count="0" type="stmt"/>
        <line num="34" count="1" type="stmt"/>
        <line num="41" count="2" type="stmt"/>
      </file>
      <file name="constants.js" path="C:\Users\psb\Desktop\namaste-react\src\utils\constants.js">
        <metrics statements="4" coveredstatements="4" conditionals="0" coveredconditionals="0" methods="0" coveredmethods="0"/>
        <line num="1" count="4" type="stmt"/>
        <line num="3" count="4" type="stmt"/>
        <line num="5" count="4" type="stmt"/>
        <line num="7" count="4" type="stmt"/>
      </file>
      <file name="useOnlineStatus.js" path="C:\Users\psb\Desktop\namaste-react\src\utils\useOnlineStatus.js">
        <metrics statements="8" coveredstatements="6" conditionals="0" coveredconditionals="0" methods="4" coveredmethods="2"/>
        <line num="3" count="3" type="stmt"/>
        <line num="4" count="16" type="stmt"/>
        <line num="6" count="16" type="stmt"/>
        <line num="7" count="7" type="stmt"/>
        <line num="8" count="0" type="stmt"/>
        <line num="10" count="7" type="stmt"/>
        <line num="11" count="0" type="stmt"/>
        <line num="15" count="16" type="stmt"/>
      </file>
      <file name="useRestaurantMenu.js" path="C:\Users\psb\Desktop\namaste-react\src\utils\useRestaurantMenu.js">
        <metrics statements="10" coveredstatements="10" conditionals="0" coveredconditionals="0" methods="3" coveredmethods="3"/>
        <line num="5" count="1" type="stmt"/>
        <line num="6" count="3" type="stmt"/>
        <line num="8" count="3" type="stmt"/>
        <line num="9" count="1" type="stmt"/>
        <line num="12" count="3" type="stmt"/>
        <line num="13" count="1" type="stmt"/>
        <line num="15" count="1" type="stmt"/>
        <line num="17" count="1" type="stmt"/>
        <line num="18" count="1" type="stmt"/>
        <line num="20" count="3" type="stmt"/>
      </file>
    </package>
  </project>
</coverage>
