{"C:\\Users\\psb\\Desktop\\namaste-react\\src\\components\\Body.js": {"path":"C:\\Users\\psb\\Desktop\\namaste-react\\src\\components\\Body.js","statementMap":{"0":{"start":{"line":11,"column":13},"end":{"line":101,"column":1}},"1":{"start":{"line":14,"column":54},"end":{"line":14,"column":66}},"2":{"start":{"line":15,"column":58},"end":{"line":15,"column":70}},"3":{"start":{"line":17,"column":40},"end":{"line":17,"column":52}},"4":{"start":{"line":19,"column":33},"end":{"line":19,"column":64}},"5":{"start":{"line":24,"column":4},"end":{"line":26,"column":11}},"6":{"start":{"line":25,"column":8},"end":{"line":25,"column":20}},"7":{"start":{"line":28,"column":22},"end":{"line":34,"column":5}},"8":{"start":{"line":29,"column":21},"end":{"line":29,"column":43}},"9":{"start":{"line":30,"column":21},"end":{"line":30,"column":38}},"10":{"start":{"line":32,"column":8},"end":{"line":32,"column":114}},"11":{"start":{"line":33,"column":8},"end":{"line":33,"column":116}},"12":{"start":{"line":42,"column":25},"end":{"line":42,"column":42}},"13":{"start":{"line":44,"column":4},"end":{"line":45,"column":93}},"14":{"start":{"line":45,"column":8},"end":{"line":45,"column":93}},"15":{"start":{"line":47,"column":42},"end":{"line":47,"column":65}},"16":{"start":{"line":49,"column":4},"end":{"line":100,"column":5}},"17":{"start":{"line":55,"column":24},"end":{"line":55,"column":54}},"18":{"start":{"line":56,"column":24},"end":{"line":58,"column":25}},"19":{"start":{"line":57,"column":28},"end":{"line":57,"column":70}},"20":{"start":{"line":61,"column":52},"end":{"line":61,"column":151}},"21":{"start":{"line":61,"column":86},"end":{"line":61,"column":150}},"22":{"start":{"line":62,"column":24},"end":{"line":62,"column":68}},"23":{"start":{"line":71,"column":45},"end":{"line":71,"column":102}},"24":{"start":{"line":71,"column":79},"end":{"line":71,"column":101}},"25":{"start":{"line":73,"column":24},"end":{"line":73,"column":66}},"26":{"start":{"line":74,"column":24},"end":{"line":74,"column":72}},"27":{"start":{"line":79,"column":97},"end":{"line":79,"column":124}},"28":{"start":{"line":86,"column":20},"end":{"line":92,"column":75}}},"fnMap":{"0":{"name":"(anonymous_0)","decl":{"start":{"line":11,"column":13},"end":{"line":11,"column":14}},"loc":{"start":{"line":11,"column":19},"end":{"line":101,"column":1}},"line":11},"1":{"name":"(anonymous_1)","decl":{"start":{"line":24,"column":14},"end":{"line":24,"column":15}},"loc":{"start":{"line":24,"column":20},"end":{"line":26,"column":5}},"line":24},"2":{"name":"(anonymous_2)","decl":{"start":{"line":28,"column":22},"end":{"line":28,"column":23}},"loc":{"start":{"line":28,"column":34},"end":{"line":34,"column":5}},"line":28},"3":{"name":"(anonymous_3)","decl":{"start":{"line":54,"column":139},"end":{"line":54,"column":140}},"loc":{"start":{"line":54,"column":146},"end":{"line":59,"column":21}},"line":54},"4":{"name":"(anonymous_4)","decl":{"start":{"line":60,"column":87},"end":{"line":60,"column":88}},"loc":{"start":{"line":60,"column":93},"end":{"line":63,"column":21}},"line":60},"5":{"name":"(anonymous_5)","decl":{"start":{"line":61,"column":77},"end":{"line":61,"column":78}},"loc":{"start":{"line":61,"column":86},"end":{"line":61,"column":150}},"line":61},"6":{"name":"(anonymous_6)","decl":{"start":{"line":69,"column":71},"end":{"line":69,"column":72}},"loc":{"start":{"line":69,"column":77},"end":{"line":75,"column":21}},"line":69},"7":{"name":"(anonymous_7)","decl":{"start":{"line":71,"column":70},"end":{"line":71,"column":71}},"loc":{"start":{"line":71,"column":79},"end":{"line":71,"column":101}},"line":71},"8":{"name":"(anonymous_8)","decl":{"start":{"line":79,"column":90},"end":{"line":79,"column":91}},"loc":{"start":{"line":79,"column":97},"end":{"line":79,"column":124}},"line":79},"9":{"name":"(anonymous_9)","decl":{"start":{"line":85,"column":64},"end":{"line":85,"column":65}},"loc":{"start":{"line":85,"column":80},"end":{"line":93,"column":17}},"line":85}},"branchMap":{"0":{"loc":{"start":{"line":44,"column":4},"end":{"line":45,"column":93}},"type":"if","locations":[{"start":{"line":44,"column":4},"end":{"line":45,"column":93}},{"start":{},"end":{}}],"line":44},"1":{"loc":{"start":{"line":49,"column":11},"end":{"line":100,"column":5}},"type":"cond-expr","locations":[{"start":{"line":49,"column":38},"end":{"line":49,"column":49}},{"start":{"line":50,"column":8},"end":{"line":99,"column":14}}],"line":49},"2":{"loc":{"start":{"line":56,"column":24},"end":{"line":58,"column":25}},"type":"if","locations":[{"start":{"line":56,"column":24},"end":{"line":58,"column":25}},{"start":{},"end":{}}],"line":56},"3":{"loc":{"start":{"line":85,"column":17},"end":{"line":93,"column":18}},"type":"binary-expr","locations":[{"start":{"line":85,"column":17},"end":{"line":85,"column":36}},{"start":{"line":85,"column":40},"end":{"line":93,"column":18}}],"line":85},"4":{"loc":{"start":{"line":91,"column":25},"end":{"line":92,"column":67}},"type":"cond-expr","locations":[{"start":{"line":91,"column":50},"end":{"line":91,"column":95}},{"start":{"line":92,"column":28},"end":{"line":92,"column":67}}],"line":91}},"s":{"0":1,"1":7,"2":7,"3":7,"4":7,"5":7,"6":2,"7":7,"8":2,"9":2,"10":2,"11":2,"12":7,"13":7,"14":0,"15":7,"16":7,"17":1,"18":1,"19":0,"20":1,"21":16,"22":1,"23":1,"24":16,"25":1,"26":1,"27":0,"28":55},"f":{"0":7,"1":2,"2":2,"3":1,"4":1,"5":16,"6":1,"7":16,"8":0,"9":55},"b":{"0":[0,7],"1":[0,7],"2":[0,1],"3":[7,7],"4":[55,0]},"_coverageSchema":"1a1c01bbd47fc00a2c39e90264f33305004495a9","hash":"8c57a83c0a60097b4c2e3e66db8ed2d6a73935c1"}
,"C:\\Users\\psb\\Desktop\\namaste-react\\src\\components\\Cart.js": {"path":"C:\\Users\\psb\\Desktop\\namaste-react\\src\\components\\Cart.js","statementMap":{"0":{"start":{"line":5,"column":13},"end":{"line":22,"column":1}},"1":{"start":{"line":8,"column":22},"end":{"line":8,"column":62}},"2":{"start":{"line":8,"column":45},"end":{"line":8,"column":61}},"3":{"start":{"line":10,"column":21},"end":{"line":10,"column":34}},"4":{"start":{"line":11,"column":28},"end":{"line":13,"column":5}},"5":{"start":{"line":12,"column":8},"end":{"line":12,"column":30}},"6":{"start":{"line":14,"column":4},"end":{"line":21,"column":11}}},"fnMap":{"0":{"name":"(anonymous_0)","decl":{"start":{"line":5,"column":13},"end":{"line":5,"column":14}},"loc":{"start":{"line":5,"column":19},"end":{"line":22,"column":1}},"line":5},"1":{"name":"(anonymous_1)","decl":{"start":{"line":8,"column":34},"end":{"line":8,"column":35}},"loc":{"start":{"line":8,"column":45},"end":{"line":8,"column":61}},"line":8},"2":{"name":"(anonymous_2)","decl":{"start":{"line":11,"column":28},"end":{"line":11,"column":29}},"loc":{"start":{"line":11,"column":34},"end":{"line":13,"column":5}},"line":11}},"branchMap":{"0":{"loc":{"start":{"line":18,"column":13},"end":{"line":18,"column":88}},"type":"binary-expr","locations":[{"start":{"line":18,"column":13},"end":{"line":18,"column":35}},{"start":{"line":18,"column":39},"end":{"line":18,"column":88}}],"line":18}},"s":{"0":1,"1":4,"2":8,"3":4,"4":4,"5":1,"6":4},"f":{"0":4,"1":8,"2":1},"b":{"0":[4,2]},"_coverageSchema":"1a1c01bbd47fc00a2c39e90264f33305004495a9","hash":"bb2d2945ed7b6323102593cdeafcd4ad7b6d8593"}
,"C:\\Users\\psb\\Desktop\\namaste-react\\src\\components\\Contact.js": {"path":"C:\\Users\\psb\\Desktop\\namaste-react\\src\\components\\Contact.js","statementMap":{"0":{"start":{"line":1,"column":16},"end":{"line":12,"column":1}},"1":{"start":{"line":2,"column":4},"end":{"line":11,"column":5}}},"fnMap":{"0":{"name":"(anonymous_0)","decl":{"start":{"line":1,"column":16},"end":{"line":1,"column":17}},"loc":{"start":{"line":1,"column":22},"end":{"line":12,"column":1}},"line":1}},"branchMap":{},"s":{"0":1,"1":4},"f":{"0":4},"b":{},"_coverageSchema":"1a1c01bbd47fc00a2c39e90264f33305004495a9","hash":"f00cec6868055de7c4be3d85357acb063253e182"}
,"C:\\Users\\psb\\Desktop\\namaste-react\\src\\components\\Header.js": {"path":"C:\\Users\\psb\\Desktop\\namaste-react\\src\\components\\Header.js","statementMap":{"0":{"start":{"line":8,"column":15},"end":{"line":50,"column":1}},"1":{"start":{"line":9,"column":44},"end":{"line":9,"column":61}},"2":{"start":{"line":13,"column":4},"end":{"line":15,"column":6}},"3":{"start":{"line":14,"column":8},"end":{"line":14,"column":65}},"4":{"start":{"line":17,"column":4},"end":{"line":19,"column":10}},"5":{"start":{"line":18,"column":8},"end":{"line":18,"column":68}},"6":{"start":{"line":21,"column":4},"end":{"line":23,"column":22}},"7":{"start":{"line":22,"column":8},"end":{"line":22,"column":62}},"8":{"start":{"line":25,"column":25},"end":{"line":25,"column":42}},"9":{"start":{"line":26,"column":29},"end":{"line":26,"column":52}},"10":{"start":{"line":29,"column":22},"end":{"line":29,"column":62}},"11":{"start":{"line":29,"column":45},"end":{"line":29,"column":61}},"12":{"start":{"line":31,"column":4},"end":{"line":49,"column":5}},"13":{"start":{"line":44,"column":63},"end":{"line":44,"column":142}}},"fnMap":{"0":{"name":"(anonymous_0)","decl":{"start":{"line":8,"column":15},"end":{"line":8,"column":16}},"loc":{"start":{"line":8,"column":21},"end":{"line":50,"column":1}},"line":8},"1":{"name":"(anonymous_1)","decl":{"start":{"line":13,"column":14},"end":{"line":13,"column":15}},"loc":{"start":{"line":13,"column":20},"end":{"line":15,"column":5}},"line":13},"2":{"name":"(anonymous_2)","decl":{"start":{"line":17,"column":14},"end":{"line":17,"column":15}},"loc":{"start":{"line":17,"column":20},"end":{"line":19,"column":5}},"line":17},"3":{"name":"(anonymous_3)","decl":{"start":{"line":21,"column":14},"end":{"line":21,"column":15}},"loc":{"start":{"line":21,"column":20},"end":{"line":23,"column":5}},"line":21},"4":{"name":"(anonymous_4)","decl":{"start":{"line":29,"column":34},"end":{"line":29,"column":35}},"loc":{"start":{"line":29,"column":45},"end":{"line":29,"column":61}},"line":29},"5":{"name":"(anonymous_5)","decl":{"start":{"line":44,"column":55},"end":{"line":44,"column":56}},"loc":{"start":{"line":44,"column":61},"end":{"line":44,"column":144}},"line":44}},"branchMap":{"0":{"loc":{"start":{"line":38,"column":57},"end":{"line":38,"column":83}},"type":"cond-expr","locations":[{"start":{"line":38,"column":72},"end":{"line":38,"column":76}},{"start":{"line":38,"column":79},"end":{"line":38,"column":83}}],"line":38},"1":{"loc":{"start":{"line":44,"column":63},"end":{"line":44,"column":142}},"type":"cond-expr","locations":[{"start":{"line":44,"column":90},"end":{"line":44,"column":115}},{"start":{"line":44,"column":118},"end":{"line":44,"column":142}}],"line":44}},"s":{"0":2,"1":9,"2":9,"3":9,"4":9,"5":5,"6":9,"7":6,"8":9,"9":9,"10":9,"11":17,"12":9,"13":1},"f":{"0":9,"1":9,"2":5,"3":6,"4":17,"5":1},"b":{"0":[9,0],"1":[1,0]},"_coverageSchema":"1a1c01bbd47fc00a2c39e90264f33305004495a9","hash":"c617aacf7a7b5e2bc10fb2a23f6092775afaf1f4"}
,"C:\\Users\\psb\\Desktop\\namaste-react\\src\\components\\ItemList.js": {"path":"C:\\Users\\psb\\Desktop\\namaste-react\\src\\components\\ItemList.js","statementMap":{"0":{"start":{"line":5,"column":17},"end":{"line":34,"column":1}},"1":{"start":{"line":6,"column":21},"end":{"line":6,"column":34}},"2":{"start":{"line":8,"column":26},"end":{"line":14,"column":5}},"3":{"start":{"line":10,"column":8},"end":{"line":10,"column":32}},"4":{"start":{"line":15,"column":4},"end":{"line":33,"column":5}},"5":{"start":{"line":17,"column":33},"end":{"line":31,"column":18}},"6":{"start":{"line":27,"column":130},"end":{"line":27,"column":149}}},"fnMap":{"0":{"name":"(anonymous_0)","decl":{"start":{"line":5,"column":17},"end":{"line":5,"column":18}},"loc":{"start":{"line":5,"column":32},"end":{"line":34,"column":1}},"line":5},"1":{"name":"(anonymous_1)","decl":{"start":{"line":8,"column":26},"end":{"line":8,"column":27}},"loc":{"start":{"line":8,"column":36},"end":{"line":14,"column":5}},"line":8},"2":{"name":"(anonymous_2)","decl":{"start":{"line":17,"column":23},"end":{"line":17,"column":24}},"loc":{"start":{"line":17,"column":33},"end":{"line":31,"column":18}},"line":17},"3":{"name":"(anonymous_3)","decl":{"start":{"line":27,"column":124},"end":{"line":27,"column":125}},"loc":{"start":{"line":27,"column":130},"end":{"line":27,"column":149}},"line":27}},"branchMap":{"0":{"loc":{"start":{"line":21,"column":35},"end":{"line":21,"column":98}},"type":"binary-expr","locations":[{"start":{"line":21,"column":35},"end":{"line":21,"column":61}},{"start":{"line":21,"column":65},"end":{"line":21,"column":98}}],"line":21}},"s":{"0":1,"1":5,"2":5,"3":2,"4":5,"5":24,"6":2},"f":{"0":5,"1":2,"2":24,"3":2},"b":{"0":[24,3]},"_coverageSchema":"1a1c01bbd47fc00a2c39e90264f33305004495a9","hash":"59cf3458342183dbc70fb72836ad68ea054c8e24"}
,"C:\\Users\\psb\\Desktop\\namaste-react\\src\\components\\RestaurantCard.js": {"path":"C:\\Users\\psb\\Desktop\\namaste-react\\src\\components\\RestaurantCard.js","statementMap":{"0":{"start":{"line":5,"column":23},"end":{"line":27,"column":1}},"1":{"start":{"line":8,"column":24},"end":{"line":8,"column":29}},"2":{"start":{"line":10,"column":29},"end":{"line":10,"column":52}},"3":{"start":{"line":11,"column":78},"end":{"line":11,"column":91}},"4":{"start":{"line":12,"column":4},"end":{"line":26,"column":5}},"5":{"start":{"line":32,"column":31},"end":{"line":41,"column":1}},"6":{"start":{"line":33,"column":4},"end":{"line":40,"column":5}},"7":{"start":{"line":34,"column":8},"end":{"line":39,"column":9}}},"fnMap":{"0":{"name":"(anonymous_0)","decl":{"start":{"line":5,"column":23},"end":{"line":5,"column":24}},"loc":{"start":{"line":5,"column":34},"end":{"line":27,"column":1}},"line":5},"1":{"name":"(anonymous_1)","decl":{"start":{"line":32,"column":31},"end":{"line":32,"column":32}},"loc":{"start":{"line":32,"column":51},"end":{"line":41,"column":1}},"line":32},"2":{"name":"(anonymous_2)","decl":{"start":{"line":33,"column":11},"end":{"line":33,"column":12}},"loc":{"start":{"line":33,"column":22},"end":{"line":40,"column":5}},"line":33}},"branchMap":{},"s":{"0":2,"1":57,"2":57,"3":57,"4":57,"5":2,"6":8,"7":56},"f":{"0":57,"1":8,"2":56},"b":{},"_coverageSchema":"1a1c01bbd47fc00a2c39e90264f33305004495a9","hash":"52b0f086d01c2f9b687931cb691f9de7bebb96b8"}
,"C:\\Users\\psb\\Desktop\\namaste-react\\src\\components\\RestaurantCategory.js": {"path":"C:\\Users\\psb\\Desktop\\namaste-react\\src\\components\\RestaurantCategory.js","statementMap":{"0":{"start":{"line":4,"column":27},"end":{"line":21,"column":1}},"1":{"start":{"line":6,"column":24},"end":{"line":6,"column":48}},"2":{"start":{"line":6,"column":32},"end":{"line":6,"column":46}},"3":{"start":{"line":8,"column":4},"end":{"line":20,"column":5}}},"fnMap":{"0":{"name":"(anonymous_0)","decl":{"start":{"line":4,"column":27},"end":{"line":4,"column":28}},"loc":{"start":{"line":4,"column":66},"end":{"line":21,"column":1}},"line":4},"1":{"name":"(anonymous_1)","decl":{"start":{"line":6,"column":24},"end":{"line":6,"column":25}},"loc":{"start":{"line":6,"column":30},"end":{"line":6,"column":48}},"line":6}},"branchMap":{"0":{"loc":{"start":{"line":16,"column":13},"end":{"line":16,"column":61}},"type":"binary-expr","locations":[{"start":{"line":16,"column":13},"end":{"line":16,"column":22}},{"start":{"line":16,"column":26},"end":{"line":16,"column":61}}],"line":16}},"s":{"0":1,"1":34,"2":1,"3":34},"f":{"0":34,"1":1},"b":{"0":[34,1]},"_coverageSchema":"1a1c01bbd47fc00a2c39e90264f33305004495a9","hash":"0ab6d19a4cfd896e672df21e88d4fd3ee9007c30"}
,"C:\\Users\\psb\\Desktop\\namaste-react\\src\\components\\RestaurantMenu.js": {"path":"C:\\Users\\psb\\Desktop\\namaste-react\\src\\components\\RestaurantMenu.js","statementMap":{"0":{"start":{"line":7,"column":23},"end":{"line":58,"column":1}},"1":{"start":{"line":11,"column":22},"end":{"line":11,"column":33}},"2":{"start":{"line":14,"column":20},"end":{"line":14,"column":44}},"3":{"start":{"line":16,"column":38},"end":{"line":16,"column":52}},"4":{"start":{"line":30,"column":4},"end":{"line":30,"column":45}},"5":{"start":{"line":30,"column":26},"end":{"line":30,"column":45}},"6":{"start":{"line":31,"column":50},"end":{"line":31,"column":78}},"7":{"start":{"line":32,"column":26},"end":{"line":32,"column":94}},"8":{"start":{"line":34,"column":23},"end":{"line":34,"column":181}},"9":{"start":{"line":34,"column":89},"end":{"line":34,"column":180}},"10":{"start":{"line":37,"column":4},"end":{"line":57,"column":5}},"11":{"start":{"line":50,"column":16},"end":{"line":54,"column":63}},"12":{"start":{"line":54,"column":40},"end":{"line":54,"column":59}}},"fnMap":{"0":{"name":"(anonymous_0)","decl":{"start":{"line":7,"column":23},"end":{"line":7,"column":24}},"loc":{"start":{"line":7,"column":29},"end":{"line":58,"column":1}},"line":7},"1":{"name":"(anonymous_1)","decl":{"start":{"line":34,"column":84},"end":{"line":34,"column":85}},"loc":{"start":{"line":34,"column":89},"end":{"line":34,"column":180}},"line":34},"2":{"name":"(anonymous_2)","decl":{"start":{"line":48,"column":28},"end":{"line":48,"column":29}},"loc":{"start":{"line":48,"column":49},"end":{"line":55,"column":13}},"line":48},"3":{"name":"(anonymous_3)","decl":{"start":{"line":54,"column":34},"end":{"line":54,"column":35}},"loc":{"start":{"line":54,"column":40},"end":{"line":54,"column":59}},"line":54}},"branchMap":{"0":{"loc":{"start":{"line":30,"column":4},"end":{"line":30,"column":45}},"type":"if","locations":[{"start":{"line":30,"column":4},"end":{"line":30,"column":45}},{"start":{},"end":{}}],"line":30},"1":{"loc":{"start":{"line":37,"column":11},"end":{"line":57,"column":5}},"type":"cond-expr","locations":[{"start":{"line":37,"column":32},"end":{"line":37,"column":43}},{"start":{"line":38,"column":8},"end":{"line":56,"column":14}}],"line":37},"2":{"loc":{"start":{"line":53,"column":31},"end":{"line":53,"column":65}},"type":"cond-expr","locations":[{"start":{"line":53,"column":53},"end":{"line":53,"column":57}},{"start":{"line":53,"column":60},"end":{"line":53,"column":65}}],"line":53}},"s":{"0":1,"1":3,"2":3,"3":3,"4":3,"5":1,"6":2,"7":2,"8":2,"9":40,"10":2,"11":34,"12":1},"f":{"0":3,"1":40,"2":34,"3":1},"b":{"0":[1,2],"1":[0,2],"2":[1,33]},"_coverageSchema":"1a1c01bbd47fc00a2c39e90264f33305004495a9","hash":"119b575cdd5d2ff1add177370ef6fb451e216a61"}
,"C:\\Users\\psb\\Desktop\\namaste-react\\src\\components\\Shimmer.js": {"path":"C:\\Users\\psb\\Desktop\\namaste-react\\src\\components\\Shimmer.js","statementMap":{"0":{"start":{"line":1,"column":16},"end":{"line":15,"column":1}},"1":{"start":{"line":2,"column":4},"end":{"line":14,"column":5}}},"fnMap":{"0":{"name":"(anonymous_0)","decl":{"start":{"line":1,"column":16},"end":{"line":1,"column":17}},"loc":{"start":{"line":1,"column":22},"end":{"line":15,"column":1}},"line":1}},"branchMap":{},"s":{"0":2,"1":1},"f":{"0":1},"b":{},"_coverageSchema":"1a1c01bbd47fc00a2c39e90264f33305004495a9","hash":"ddc37f0531f3c407e779db749463a81d54b31749"}
,"C:\\Users\\psb\\Desktop\\namaste-react\\src\\components\\sum.js": {"path":"C:\\Users\\psb\\Desktop\\namaste-react\\src\\components\\sum.js","statementMap":{"0":{"start":{"line":1,"column":19},"end":{"line":3,"column":1}},"1":{"start":{"line":2,"column":4},"end":{"line":2,"column":17}}},"fnMap":{"0":{"name":"(anonymous_0)","decl":{"start":{"line":1,"column":19},"end":{"line":1,"column":20}},"loc":{"start":{"line":1,"column":29},"end":{"line":3,"column":1}},"line":1}},"branchMap":{},"s":{"0":1,"1":1},"f":{"0":1},"b":{},"_coverageSchema":"1a1c01bbd47fc00a2c39e90264f33305004495a9","hash":"7df0b2a1f16664b511f9353a225fb09707fa04ce"}
,"C:\\Users\\psb\\Desktop\\namaste-react\\src\\utils\\UserContext.js": {"path":"C:\\Users\\psb\\Desktop\\namaste-react\\src\\utils\\UserContext.js","statementMap":{"0":{"start":{"line":3,"column":20},"end":{"line":5,"column":2}}},"fnMap":{},"branchMap":{},"s":{"0":4},"f":{},"b":{},"_coverageSchema":"1a1c01bbd47fc00a2c39e90264f33305004495a9","hash":"dd353847aec2683eef809198c81b604dfb26eddf"}
,"C:\\Users\\psb\\Desktop\\namaste-react\\src\\utils\\appStore.js": {"path":"C:\\Users\\psb\\Desktop\\namaste-react\\src\\utils\\appStore.js","statementMap":{"0":{"start":{"line":1,"column":27},"end":{"line":1,"column":54}},"1":{"start":{"line":6,"column":17},"end":{"line":10,"column":2}}},"fnMap":{},"branchMap":{},"s":{"0":2,"1":2},"f":{},"b":{},"_coverageSchema":"1a1c01bbd47fc00a2c39e90264f33305004495a9","hash":"b0521e21b16f902d1915ad700d937d7de69e6287"}
,"C:\\Users\\psb\\Desktop\\namaste-react\\src\\utils\\cartSlice.js": {"path":"C:\\Users\\psb\\Desktop\\namaste-react\\src\\utils\\cartSlice.js","statementMap":{"0":{"start":{"line":4,"column":18},"end":{"line":39,"column":2}},"1":{"start":{"line":21,"column":12},"end":{"line":21,"column":45}},"2":{"start":{"line":24,"column":12},"end":{"line":24,"column":29}},"3":{"start":{"line":34,"column":12},"end":{"line":34,"column":35}},"4":{"start":{"line":41,"column":50},"end":{"line":41,"column":67}}},"fnMap":{"0":{"name":"(anonymous_0)","decl":{"start":{"line":14,"column":17},"end":{"line":14,"column":18}},"loc":{"start":{"line":14,"column":36},"end":{"line":22,"column":9}},"line":14},"1":{"name":"(anonymous_1)","decl":{"start":{"line":23,"column":20},"end":{"line":23,"column":21}},"loc":{"start":{"line":23,"column":31},"end":{"line":25,"column":9}},"line":23},"2":{"name":"(anonymous_2)","decl":{"start":{"line":27,"column":19},"end":{"line":27,"column":20}},"loc":{"start":{"line":27,"column":30},"end":{"line":37,"column":9}},"line":27}},"branchMap":{},"s":{"0":2,"1":2,"2":0,"3":1,"4":2},"f":{"0":2,"1":0,"2":1},"b":{},"_coverageSchema":"1a1c01bbd47fc00a2c39e90264f33305004495a9","hash":"57e3130ca7e7f3a7f38eca703fd55d159d74d7f2"}
,"C:\\Users\\psb\\Desktop\\namaste-react\\src\\utils\\constants.js": {"path":"C:\\Users\\psb\\Desktop\\namaste-react\\src\\utils\\constants.js","statementMap":{"0":{"start":{"line":1,"column":25},"end":{"line":1,"column":98}},"1":{"start":{"line":3,"column":24},"end":{"line":3,"column":103}},"2":{"start":{"line":5,"column":23},"end":{"line":5,"column":106}},"3":{"start":{"line":7,"column":24},"end":{"line":7,"column":143}}},"fnMap":{},"branchMap":{},"s":{"0":4,"1":4,"2":4,"3":4},"f":{},"b":{},"_coverageSchema":"1a1c01bbd47fc00a2c39e90264f33305004495a9","hash":"09b13f6bfe8307b8d45dc8885fad59f3c9b0bea2"}
,"C:\\Users\\psb\\Desktop\\namaste-react\\src\\utils\\useOnlineStatus.js": {"path":"C:\\Users\\psb\\Desktop\\namaste-react\\src\\utils\\useOnlineStatus.js","statementMap":{"0":{"start":{"line":3,"column":24},"end":{"line":16,"column":1}},"1":{"start":{"line":4,"column":44},"end":{"line":4,"column":58}},"2":{"start":{"line":6,"column":4},"end":{"line":13,"column":11}},"3":{"start":{"line":7,"column":8},"end":{"line":9,"column":10}},"4":{"start":{"line":8,"column":12},"end":{"line":8,"column":35}},"5":{"start":{"line":10,"column":8},"end":{"line":12,"column":10}},"6":{"start":{"line":11,"column":12},"end":{"line":11,"column":34}},"7":{"start":{"line":15,"column":4},"end":{"line":15,"column":24}}},"fnMap":{"0":{"name":"(anonymous_0)","decl":{"start":{"line":3,"column":24},"end":{"line":3,"column":25}},"loc":{"start":{"line":3,"column":30},"end":{"line":16,"column":1}},"line":3},"1":{"name":"(anonymous_1)","decl":{"start":{"line":6,"column":14},"end":{"line":6,"column":15}},"loc":{"start":{"line":6,"column":20},"end":{"line":13,"column":5}},"line":6},"2":{"name":"(anonymous_2)","decl":{"start":{"line":7,"column":43},"end":{"line":7,"column":44}},"loc":{"start":{"line":7,"column":49},"end":{"line":9,"column":9}},"line":7},"3":{"name":"(anonymous_3)","decl":{"start":{"line":10,"column":42},"end":{"line":10,"column":43}},"loc":{"start":{"line":10,"column":48},"end":{"line":12,"column":9}},"line":10}},"branchMap":{},"s":{"0":3,"1":16,"2":16,"3":7,"4":0,"5":7,"6":0,"7":16},"f":{"0":16,"1":7,"2":0,"3":0},"b":{},"_coverageSchema":"1a1c01bbd47fc00a2c39e90264f33305004495a9","hash":"721123a7cd0b17071534eb72ffcf1d2eab6186d5"}
,"C:\\Users\\psb\\Desktop\\namaste-react\\src\\utils\\useRestaurantMenu.js": {"path":"C:\\Users\\psb\\Desktop\\namaste-react\\src\\utils\\useRestaurantMenu.js","statementMap":{"0":{"start":{"line":5,"column":26},"end":{"line":21,"column":1}},"1":{"start":{"line":6,"column":34},"end":{"line":6,"column":48}},"2":{"start":{"line":8,"column":4},"end":{"line":10,"column":16}},"3":{"start":{"line":9,"column":8},"end":{"line":9,"column":20}},"4":{"start":{"line":12,"column":22},"end":{"line":19,"column":5}},"5":{"start":{"line":13,"column":21},"end":{"line":13,"column":96}},"6":{"start":{"line":15,"column":21},"end":{"line":15,"column":38}},"7":{"start":{"line":17,"column":23},"end":{"line":17,"column":44}},"8":{"start":{"line":18,"column":8},"end":{"line":18,"column":27}},"9":{"start":{"line":20,"column":4},"end":{"line":20,"column":19}}},"fnMap":{"0":{"name":"(anonymous_0)","decl":{"start":{"line":5,"column":26},"end":{"line":5,"column":27}},"loc":{"start":{"line":5,"column":38},"end":{"line":21,"column":1}},"line":5},"1":{"name":"(anonymous_1)","decl":{"start":{"line":8,"column":14},"end":{"line":8,"column":15}},"loc":{"start":{"line":8,"column":20},"end":{"line":10,"column":5}},"line":8},"2":{"name":"(anonymous_2)","decl":{"start":{"line":12,"column":22},"end":{"line":12,"column":23}},"loc":{"start":{"line":12,"column":34},"end":{"line":19,"column":5}},"line":12}},"branchMap":{},"s":{"0":1,"1":3,"2":3,"3":1,"4":3,"5":1,"6":1,"7":1,"8":1,"9":3},"f":{"0":3,"1":1,"2":1},"b":{},"_coverageSchema":"1a1c01bbd47fc00a2c39e90264f33305004495a9","hash":"8d66520ad112159a800a3a43e37c33c1716f39f5"}
}
