TN:
SF:src\components\Body.js
FN:11,(anonymous_0)
FN:24,(anonymous_1)
FN:28,(anonymous_2)
FN:54,(anonymous_3)
FN:60,(anonymous_4)
FN:61,(anonymous_5)
FN:69,(anonymous_6)
FN:71,(anonymous_7)
FN:79,(anonymous_8)
FN:85,(anonymous_9)
FNF:10
FNH:9
FNDA:7,(anonymous_0)
FNDA:2,(anonymous_1)
FNDA:2,(anonymous_2)
FNDA:1,(anonymous_3)
FNDA:1,(anonymous_4)
FNDA:16,(anonymous_5)
FNDA:1,(anonymous_6)
FNDA:16,(anonymous_7)
FNDA:0,(anonymous_8)
FNDA:55,(anonymous_9)
DA:11,1
DA:14,7
DA:15,7
DA:17,7
DA:19,7
DA:24,7
DA:25,2
DA:28,7
DA:29,2
DA:30,2
DA:32,2
DA:33,2
DA:42,7
DA:44,7
DA:45,0
DA:47,7
DA:49,7
DA:55,1
DA:56,1
DA:57,0
DA:61,16
DA:62,1
DA:71,16
DA:73,1
DA:74,1
DA:79,0
DA:86,55
LF:27
LH:24
BRDA:44,0,0,0
BRDA:44,0,1,7
BRDA:49,1,0,0
BRDA:49,1,1,7
BRDA:56,2,0,0
BRDA:56,2,1,1
BRDA:85,3,0,7
BRDA:85,3,1,7
BRDA:91,4,0,55
BRDA:91,4,1,0
BRF:10
BRH:6
end_of_record
TN:
SF:src\components\Cart.js
FN:5,(anonymous_0)
FN:8,(anonymous_1)
FN:11,(anonymous_2)
FNF:3
FNH:3
FNDA:4,(anonymous_0)
FNDA:8,(anonymous_1)
FNDA:1,(anonymous_2)
DA:5,1
DA:8,8
DA:10,4
DA:11,4
DA:12,1
DA:14,4
LF:6
LH:6
BRDA:18,0,0,4
BRDA:18,0,1,2
BRF:2
BRH:2
end_of_record
TN:
SF:src\components\Contact.js
FN:1,(anonymous_0)
FNF:1
FNH:1
FNDA:4,(anonymous_0)
DA:1,1
DA:2,4
LF:2
LH:2
BRF:0
BRH:0
end_of_record
TN:
SF:src\components\Header.js
FN:8,(anonymous_0)
FN:13,(anonymous_1)
FN:17,(anonymous_2)
FN:21,(anonymous_3)
FN:29,(anonymous_4)
FN:44,(anonymous_5)
FNF:6
FNH:6
FNDA:9,(anonymous_0)
FNDA:9,(anonymous_1)
FNDA:5,(anonymous_2)
FNDA:6,(anonymous_3)
FNDA:17,(anonymous_4)
FNDA:1,(anonymous_5)
DA:8,2
DA:9,9
DA:13,9
DA:14,9
DA:17,9
DA:18,5
DA:21,9
DA:22,6
DA:25,9
DA:26,9
DA:29,17
DA:31,9
DA:44,1
LF:13
LH:13
BRDA:38,0,0,9
BRDA:38,0,1,0
BRDA:44,1,0,1
BRDA:44,1,1,0
BRF:4
BRH:2
end_of_record
TN:
SF:src\components\ItemList.js
FN:5,(anonymous_0)
FN:8,(anonymous_1)
FN:17,(anonymous_2)
FN:27,(anonymous_3)
FNF:4
FNH:4
FNDA:5,(anonymous_0)
FNDA:2,(anonymous_1)
FNDA:24,(anonymous_2)
FNDA:2,(anonymous_3)
DA:5,1
DA:6,5
DA:8,5
DA:10,2
DA:15,5
DA:17,24
DA:27,2
LF:7
LH:7
BRDA:21,0,0,24
BRDA:21,0,1,3
BRF:2
BRH:2
end_of_record
TN:
SF:src\components\RestaurantCard.js
FN:5,(anonymous_0)
FN:32,(anonymous_1)
FN:33,(anonymous_2)
FNF:3
FNH:3
FNDA:57,(anonymous_0)
FNDA:8,(anonymous_1)
FNDA:56,(anonymous_2)
DA:5,2
DA:8,57
DA:10,57
DA:11,57
DA:12,57
DA:32,2
DA:33,8
DA:34,56
LF:8
LH:8
BRF:0
BRH:0
end_of_record
TN:
SF:src\components\RestaurantCategory.js
FN:4,(anonymous_0)
FN:6,(anonymous_1)
FNF:2
FNH:2
FNDA:34,(anonymous_0)
FNDA:1,(anonymous_1)
DA:4,1
DA:6,34
DA:8,34
LF:3
LH:3
BRDA:16,0,0,34
BRDA:16,0,1,1
BRF:2
BRH:2
end_of_record
TN:
SF:src\components\RestaurantMenu.js
FN:7,(anonymous_0)
FN:34,(anonymous_1)
FN:48,(anonymous_2)
FN:54,(anonymous_3)
FNF:4
FNH:4
FNDA:3,(anonymous_0)
FNDA:40,(anonymous_1)
FNDA:34,(anonymous_2)
FNDA:1,(anonymous_3)
DA:7,1
DA:11,3
DA:14,3
DA:16,3
DA:30,3
DA:31,2
DA:32,2
DA:34,40
DA:37,2
DA:50,34
DA:54,1
LF:11
LH:11
BRDA:30,0,0,1
BRDA:30,0,1,2
BRDA:37,1,0,0
BRDA:37,1,1,2
BRDA:53,2,0,1
BRDA:53,2,1,33
BRF:6
BRH:5
end_of_record
TN:
SF:src\components\Shimmer.js
FN:1,(anonymous_0)
FNF:1
FNH:1
FNDA:1,(anonymous_0)
DA:1,2
DA:2,1
LF:2
LH:2
BRF:0
BRH:0
end_of_record
TN:
SF:src\components\sum.js
FN:1,(anonymous_0)
FNF:1
FNH:1
FNDA:1,(anonymous_0)
DA:1,1
DA:2,1
LF:2
LH:2
BRF:0
BRH:0
end_of_record
TN:
SF:src\utils\UserContext.js
FNF:0
FNH:0
DA:3,4
LF:1
LH:1
BRF:0
BRH:0
end_of_record
TN:
SF:src\utils\appStore.js
FNF:0
FNH:0
DA:1,2
DA:6,2
LF:2
LH:2
BRF:0
BRH:0
end_of_record
TN:
SF:src\utils\cartSlice.js
FN:14,(anonymous_0)
FN:23,(anonymous_1)
FN:27,(anonymous_2)
FNF:3
FNH:2
FNDA:2,(anonymous_0)
FNDA:0,(anonymous_1)
FNDA:1,(anonymous_2)
DA:4,2
DA:21,2
DA:24,0
DA:34,1
DA:41,2
LF:5
LH:4
BRF:0
BRH:0
end_of_record
TN:
SF:src\utils\constants.js
FNF:0
FNH:0
DA:1,4
DA:3,4
DA:5,4
DA:7,4
LF:4
LH:4
BRF:0
BRH:0
end_of_record
TN:
SF:src\utils\useOnlineStatus.js
FN:3,(anonymous_0)
FN:6,(anonymous_1)
FN:7,(anonymous_2)
FN:10,(anonymous_3)
FNF:4
FNH:2
FNDA:16,(anonymous_0)
FNDA:7,(anonymous_1)
FNDA:0,(anonymous_2)
FNDA:0,(anonymous_3)
DA:3,3
DA:4,16
DA:6,16
DA:7,7
DA:8,0
DA:10,7
DA:11,0
DA:15,16
LF:8
LH:6
BRF:0
BRH:0
end_of_record
TN:
SF:src\utils\useRestaurantMenu.js
FN:5,(anonymous_0)
FN:8,(anonymous_1)
FN:12,(anonymous_2)
FNF:3
FNH:3
FNDA:3,(anonymous_0)
FNDA:1,(anonymous_1)
FNDA:1,(anonymous_2)
DA:5,1
DA:6,3
DA:8,3
DA:9,1
DA:12,3
DA:13,1
DA:15,1
DA:17,1
DA:18,1
DA:20,3
LF:10
LH:10
BRF:0
BRH:0
end_of_record
